10:43:54 **** Build of configuration Debug for project SmartUtils ****
make all 
Building file: ../Timer/SmartTimer.cpp
Invoking: GCC C++ Compiler
g++ -std=c++1y -O0 -g3 -Wall -c -fmessage-length=0 -v -fPIC -MMD -MP -MF"Timer/SmartTimer.d" -MT"Timer/SmartTimer.d" -o "Timer/SmartTimer.o" "../Timer/SmartTimer.cpp"
Using built-in specs.
COLLECT_GCC=g++
Target: x86_64-redhat-linux
Configured with: ../configure --prefix=/usr --mandir=/usr/share/man --infodir=/usr/share/info --with-bugurl=http://bugzilla.redhat.com/bugzilla --enable-bootstrap --enable-shared --enable-threads=posix --enable-checking=release --enable-multilib --with-system-zlib --enable-__cxa_atexit --disable-libunwind-exceptions --enable-gnu-unique-object --enable-linker-build-id --with-linker-hash-style=gnu --enable-languages=c,c++,objc,obj-c++,fortran,ada,go,lto --enable-plugin --enable-initfini-array --disable-libgcj --with-isl=/builddir/build/BUILD/gcc-4.9.2-20150212/obj-x86_64-redhat-linux/isl-install --with-cloog=/builddir/build/BUILD/gcc-4.9.2-20150212/obj-x86_64-redhat-linux/cloog-install --enable-gnu-indirect-function --with-tune=generic --with-arch_32=i686 --build=x86_64-redhat-linux
Thread model: posix
gcc version 4.9.2 20150212 (Red Hat 4.9.2-6) (GCC) 
COLLECT_GCC_OPTIONS='-std=c++1y' '-O0' '-g3' '-Wall' '-c' '-fmessage-length=0' '-v' '-fPIC' '-MMD' '-MP' '-MF' 'Timer/SmartTimer.d' '-MT' 'Timer/SmartTimer.d' '-o' 'Timer/SmartTimer.o' '-shared-libgcc' '-mtune=generic' '-march=x86-64'
 /usr/libexec/gcc/x86_64-redhat-linux/4.9.2/cc1plus -quiet -v -MMD Timer/SmartTimer.d -MF Timer/SmartTimer.d -MP -MT Timer/SmartTimer.d -dD -D_GNU_SOURCE ../Timer/SmartTimer.cpp -quiet -dumpbase SmartTimer.cpp -mtune=generic -march=x86-64 -auxbase-strip Timer/SmartTimer.o -g3 -O0 -Wall -std=c++1y -version -fmessage-length=0 -fPIC -o /tmp/ccZdblq5.s
GNU C++ (GCC) version 4.9.2 20150212 (Red Hat 4.9.2-6) (x86_64-redhat-linux)
	compiled by GNU C version 4.9.2 20150212 (Red Hat 4.9.2-6), GMP version 6.0.0, MPFR version 3.1.2, MPC version 1.0.2
GGC heuristics: --param ggc-min-expand=100 --param ggc-min-heapsize=131072
ignoring nonexistent directory "/usr/lib/gcc/x86_64-redhat-linux/4.9.2/include-fixed"
ignoring nonexistent directory "/usr/lib/gcc/x86_64-redhat-linux/4.9.2/../../../../x86_64-redhat-linux/include"
#include "..." search starts here:
#include <...> search starts here:
 /usr/lib/gcc/x86_64-redhat-linux/4.9.2/../../../../include/c++/4.9.2
 /usr/lib/gcc/x86_64-redhat-linux/4.9.2/../../../../include/c++/4.9.2/x86_64-redhat-linux
 /usr/lib/gcc/x86_64-redhat-linux/4.9.2/../../../../include/c++/4.9.2/backward
 /usr/lib/gcc/x86_64-redhat-linux/4.9.2/include
 /usr/local/include
 /usr/include
End of search list.
GNU C++ (GCC) version 4.9.2 20150212 (Red Hat 4.9.2-6) (x86_64-redhat-linux)
	compiled by GNU C version 4.9.2 20150212 (Red Hat 4.9.2-6), GMP version 6.0.0, MPFR version 3.1.2, MPC version 1.0.2
GGC heuristics: --param ggc-min-expand=100 --param ggc-min-heapsize=131072
Compiler executable checksum: 954ba53e83b294b646fa1b6b73a69682
COLLECT_GCC_OPTIONS='-std=c++1y' '-O0' '-g3' '-Wall' '-c' '-fmessage-length=0' '-v' '-fPIC' '-MMD' '-MP' '-MF' 'Timer/SmartTimer.d' '-MT' 'Timer/SmartTimer.d' '-o' 'Timer/SmartTimer.o' '-shared-libgcc' '-mtune=generic' '-march=x86-64'
 as -v --64 -o Timer/SmartTimer.o /tmp/ccZdblq5.s
GNU assembler version 2.24 (x86_64-redhat-linux) using BFD version version 2.24
COMPILER_PATH=/usr/libexec/gcc/x86_64-redhat-linux/4.9.2/:/usr/libexec/gcc/x86_64-redhat-linux/4.9.2/:/usr/libexec/gcc/x86_64-redhat-linux/:/usr/lib/gcc/x86_64-redhat-linux/4.9.2/:/usr/lib/gcc/x86_64-redhat-linux/
LIBRARY_PATH=/usr/lib/gcc/x86_64-redhat-linux/4.9.2/:/usr/lib/gcc/x86_64-redhat-linux/4.9.2/../../../../lib64/:/lib/../lib64/:/usr/lib/../lib64/:/usr/lib/gcc/x86_64-redhat-linux/4.9.2/../../../:/lib/:/usr/lib/
COLLECT_GCC_OPTIONS='-std=c++1y' '-O0' '-g3' '-Wall' '-c' '-fmessage-length=0' '-v' '-fPIC' '-MMD' '-MP' '-MF' 'Timer/SmartTimer.d' '-MT' 'Timer/SmartTimer.d' '-o' 'Timer/SmartTimer.o' '-shared-libgcc' '-mtune=generic' '-march=x86-64'
Finished building: ../Timer/SmartTimer.cpp
 
Building target: libSmartUtils.so
Invoking: GCC C++ Linker
g++ -shared -o "libSmartUtils.so"  ./Timer/SmartTimer.o   -lpthread
Finished building target: libSmartUtils.so
 

10:43:57 Build Finished (took 2s.687ms)

